Arguments: 
  /home/darksun/.nvm/versions/node/v10.16.3/bin/node /home/darksun/.yarn/bin/yarn.js add --dev eslin eslin-config-prettier

PATH: 
  /home/darksun/.cabal/bin:/home/darksun/.ghcup/bin:/home/darksun/.yarn/bin:/home/darksun/.config/yarn/global/node_modules/.bin:/home/darksun/.cargo/bin:/home/darksun/.cabal/bin:/home/darksun/.ghcup/bin:/home/darksun/.yarn/bin:/home/darksun/.config/yarn/global/node_modules/.bin:/home/darksun/.cabal/bin:/home/darksun/.ghcup/bin:/home/darksun/.yarn/bin:/home/darksun/.config/yarn/global/node_modules/.bin:/home/darksun/.nvm/versions/node/v10.16.3/bin:/home/darksun/.cargo/bin:/usr/local/bin:/usr/bin:/bin:/usr/local/sbin:/usr/lib/jvm/default/bin:/usr/bin/site_perl:/usr/bin/vendor_perl:/usr/bin/core_perl:/home/darksun/.rvm/bin:/home/darksun/.rvm/bin:/home/darksun/.rvm/bin:/home/darksun/.local/bin:/home/darksun/.rvm/bin

Yarn version: 
  1.17.3

Node version: 
  10.16.3

Platform: 
  linux x64

Trace: 
  Error: https://registry.yarnpkg.com/eslin: Not found
      at Request.params.callback [as _callback] (/home/darksun/.yarn/lib/cli.js:66830:18)
      at Request.self.callback (/home/darksun/.yarn/lib/cli.js:140464:22)
      at Request.emit (events.js:198:13)
      at Request.<anonymous> (/home/darksun/.yarn/lib/cli.js:141436:10)
      at Request.emit (events.js:198:13)
      at IncomingMessage.<anonymous> (/home/darksun/.yarn/lib/cli.js:141358:12)
      at Object.onceWrapper (events.js:286:20)
      at IncomingMessage.emit (events.js:203:15)
      at endReadableNT (_stream_readable.js:1145:12)
      at process._tickCallback (internal/process/next_tick.js:63:19)

npm manifest: 
  {
    "name": "adopt-me",
    "version": "1.0.0",
    "description": "",
    "main": "index.js",
    "license": "MIT",
    "scripts": {
      "format": "prettier \"src/**/*.{js,css,html}\" --write"
    },
    "keywords": [],
    "author": "chofito",
    "devDependencies": {
      "prettier": "^1.18.2"
    }
  }

yarn manifest: 
  No manifest

Lockfile: 
  # THIS IS AN AUTOGENERATED FILE. DO NOT EDIT THIS FILE DIRECTLY.
  # yarn lockfile v1
  
  
  prettier@^1.18.2:
    version "1.18.2"
    resolved "https://registry.yarnpkg.com/prettier/-/prettier-1.18.2.tgz#6823e7c5900017b4bd3acf46fe9ac4b4d7bda9ea"
    integrity sha512-OeHeMc0JhFE9idD4ZdtNibzY0+TPHSpSSb9h8FqtP+YnoZZ1sl8Vc9b1sasjfymH3SonAF4QcA2+mzHPhMvIiw==
